        -:    0:Source:/mnt/c/Users/Sakura/Documents/GitHub/FP/a45-913AliceHincu/Dog.cpp
        -:    0:Graph:/mnt/c/Users/Sakura/Documents/GitHub/FP/a45-913AliceHincu/cmake-build-debug-coverage/CMakeFiles/a45_913AliceHincu.dir/Dog.cpp.gcno
        -:    0:Data:/mnt/c/Users/Sakura/Documents/GitHub/FP/a45-913AliceHincu/cmake-build-debug-coverage/CMakeFiles/a45_913AliceHincu.dir/Dog.cpp.gcda
        -:    0:Runs:1
        -:    1://
        -:    2:// Created by Sakura on 3/30/2021.
        -:    3://
        -:    4:
        -:    5:#include "Dog.h"
        -:    6:
       12:    7:Dog::Dog(): _name{""}, _breed{""}, _age{-1}, _photograph{""} {}
       12:    7-block  0
       12:    7-block  1
       12:    7-block  2
       12:    7-block  3
    $$$$$:    7-block  4
    $$$$$:    7-block  5
    $$$$$:    7-block  6
    $$$$$:    7-block  7
    $$$$$:    7-block  8
    $$$$$:    7-block  9
    $$$$$:    7-block 10
    $$$$$:    7-block 11
        -:    8:
        -:    9:
        2:   10:Dog::Dog(const std::string &name, const std::string &breed, int age, const std::string &photograph):
        2:   11:_breed{breed}, _name{name}, _age{age}, _photograph{photograph}{}
        2:   11-block  0
        2:   11-block  1
        2:   11-block  2
    $$$$$:   11-block  3
    $$$$$:   11-block  4
        -:   12:
        -:   13:
        3:   14:Dog::Dog(const Dog &d): _breed{d._breed}, _name{d._name}, _age{d._age}, _photograph{d._photograph} {}
        3:   14-block  0
        3:   14-block  1
        3:   14-block  2
    $$$$$:   14-block  3
    $$$$$:   14-block  4
        -:   15:
        2:   16:Dog &Dog::operator=(const Dog &other) {
        2:   17:    this->_name = other._name;
        2:   17-block  0
        2:   18:    this->_breed = other._breed;
        2:   19:    this->_age = other._age;
        2:   20:    this->_photograph = other._photograph;
        2:   21:    return *this;
        -:   22:}
        -:   23:
        1:   24:bool Dog::operator==(const Dog &other) const {
        1:   25:    return this->_name == other._name;
        1:   25-block  0
        -:   26:}
        -:   27:
    #####:   28:std::ostream &operator<<(std::ostream &os, const Dog &d) {
    #####:   29:    os << "-------------- Doggy --------------\n";
    %%%%%:   29-block  0
    #####:   30:    os << "Name: " << d._name << "\nBreed: " << d._breed << "\nAge: " << d._age << "\nPhoto: " << d._photograph << "\n";
    #####:   31:    os << "-----------------------------------\n";
    #####:   32:    return os;
        -:   33:}
        -:   34:
    #####:   35:std::istream &operator>>(std::istream &is, Dog &d) {
    #####:   36:    std::cout << "Name: "; is >> d._name;
    %%%%%:   36-block  0
    #####:   37:    std::cout << "Breed: "; is >> d._breed;
    #####:   38:    std::cout << "Age: "; is >> d._age;
    #####:   39:    std::cout << "Photo: "; is >> d._photograph;
    #####:   40:    return is;
        -:   41:}
        -:   42:
        5:   43:int Dog::get_age() const {
        5:   44:    return this->_age;
        5:   44-block  0
        -:   45:}
        -:   46:
        2:   47:const std::string &Dog::get_name() const {
        2:   48:    return this->_name;
        2:   48-block  0
        -:   49:}
        -:   50:
        2:   51:const std::string &Dog::get_breed() const {
        2:   52:    return this->_breed;
        2:   52-block  0
        -:   53:}
        -:   54:
        3:   55:const std::string &Dog::get_photograph() const {
        3:   56:    return this->_photograph;
        3:   56-block  0
        -:   57:}
        -:   58:
        1:   59:void Dog::set_photograph(const std::string &photo) {
        1:   60:    this->_photograph = photo;
        1:   60-block  0
        1:   61:}
        -:   62:
        2:   63:void Dog::set_age(int age) {
        2:   64:    this->_age = age;
        2:   65:}
        -:   66:
       17:   67:Dog::~Dog() {
       17:   67-block  0
        -:   68:
       17:   69:}
