        -:    0:Source:/mnt/c/Users/Sakura/Documents/GitHub/FP/a45-913AliceHincu/Repository.cpp
        -:    0:Graph:/mnt/c/Users/Sakura/Documents/GitHub/FP/a45-913AliceHincu/cmake-build-debug-coverage/CMakeFiles/a45_913AliceHincu.dir/Repository.cpp.gcno
        -:    0:Data:/mnt/c/Users/Sakura/Documents/GitHub/FP/a45-913AliceHincu/cmake-build-debug-coverage/CMakeFiles/a45_913AliceHincu.dir/Repository.cpp.gcda
        -:    0:Runs:1
        -:    1://
        -:    2:// Created by Sakura on 3/30/2021.
        -:    3://
        -:    4:
        -:    5:#include "Repository.h"
        -:    6:
        1:    7:Repository::Repository() {}
        1:    7-block  0
        -:    8:
        2:    9:void Repository::addDogRepo(const Dog& dog) {
        2:   10:    this->_elems.addElement(dog);
        2:   10-block  0
        2:   10-block  1
    $$$$$:   10-block  2
        2:   11:}
        -:   12:
        1:   13:void Repository::updateDogRepo(const Dog &dog, int position) {
        1:   14:    this->_elems.setElement(dog, position);
        1:   14-block  0
        1:   14-block  1
    $$$$$:   14-block  2
        1:   15:}
        -:   16:
        1:   17:void Repository::removeDogRepo(int position) {
        1:   18:    this->_elems.removeElementFromPosition(position);
        1:   18-block  0
        1:   19:}
        -:   20:
        4:   21:DynamicArray<Dog> Repository::getDogsRepo() {
        4:   22:    return this->_elems;
        4:   22-block  0
        -:   23:}
        -:   24:
        5:   25:Dog Repository::getCurrentElement() {
        5:   26:    return this->_elems.getCurrentElement();
        5:   26-block  0
        -:   27:}
        -:   28:
        7:   29:int Repository::getNumberOfDogs() {
        7:   30:    return this->_elems.getSize();
        7:   30-block  0
        -:   31:}
        -:   32:
        1:   33:Repository::~Repository() {}
        1:   33-block  0
        -:   34:
